1750127990.106300 client started (8923): version 3.4, socket /tmp/tmux-1000/default, protocol 8
1750127990.106327 on Linux 5.15.167.4-microsoft-standard-WSL2 #1 SMP Tue Nov 5 00:21:55 UTC 2024
1750127990.106331 using libevent 2.1.12-stable poll
1750127990.106334 using ncurses 6.4 20240113
1750127990.106360 flags are 0x10010000
1750127990.106370 socket is /tmp/tmux-1000/default
1750127990.106379 trying connect
1750127990.106446 add peer 0x55aa37f6e490: 6 ((nil))
1750127990.106748 sending message 100 to peer 0x55aa37f6e490 (4 bytes)
1750127990.106769 sending message 111 to peer 0x55aa37f6e490 (8 bytes)
1750127990.106774 sending message 101 to peer 0x55aa37f6e490 (16 bytes)
1750127990.106783 sending message 109 to peer 0x55aa37f6e490 (4 bytes)
1750127990.106791 sending message 102 to peer 0x55aa37f6e490 (12 bytes)
1750127990.106795 sending message 108 to peer 0x55aa37f6e490 (26 bytes)
1750127990.106799 sending message 112 to peer 0x55aa37f6e490 (70 bytes)
1750127990.106804 sending message 112 to peer 0x55aa37f6e490 (5 bytes)
1750127990.106808 sending message 112 to peer 0x55aa37f6e490 (5 bytes)
1750127990.106812 sending message 112 to peer 0x55aa37f6e490 (6 bytes)
1750127990.106816 sending message 112 to peer 0x55aa37f6e490 (6 bytes)
1750127990.106820 sending message 112 to peer 0x55aa37f6e490 (11 bytes)
1750127990.106824 sending message 112 to peer 0x55aa37f6e490 (10 bytes)
1750127990.106828 sending message 112 to peer 0x55aa37f6e490 (13 bytes)
1750127990.106832 sending message 112 to peer 0x55aa37f6e490 (13 bytes)
1750127990.106836 sending message 112 to peer 0x55aa37f6e490 (18 bytes)
1750127990.106840 sending message 112 to peer 0x55aa37f6e490 (11 bytes)
1750127990.106844 sending message 112 to peer 0x55aa37f6e490 (21 bytes)
1750127990.106848 sending message 112 to peer 0x55aa37f6e490 (13 bytes)
1750127990.106865 sending message 112 to peer 0x55aa37f6e490 (7 bytes)
1750127990.106869 sending message 112 to peer 0x55aa37f6e490 (13 bytes)
1750127990.106873 sending message 112 to peer 0x55aa37f6e490 (7 bytes)
1750127990.106877 sending message 112 to peer 0x55aa37f6e490 (13 bytes)
1750127990.106881 sending message 112 to peer 0x55aa37f6e490 (9 bytes)
1750127990.106885 sending message 112 to peer 0x55aa37f6e490 (21 bytes)
1750127990.106889 sending message 112 to peer 0x55aa37f6e490 (13 bytes)
1750127990.106893 sending message 112 to peer 0x55aa37f6e490 (8 bytes)
1750127990.106897 sending message 112 to peer 0x55aa37f6e490 (12 bytes)
1750127990.106901 sending message 112 to peer 0x55aa37f6e490 (13 bytes)
1750127990.106905 sending message 112 to peer 0x55aa37f6e490 (9 bytes)
1750127990.106909 sending message 112 to peer 0x55aa37f6e490 (9 bytes)
1750127990.106913 sending message 112 to peer 0x55aa37f6e490 (12 bytes)
1750127990.106917 sending message 112 to peer 0x55aa37f6e490 (8 bytes)
1750127990.106921 sending message 112 to peer 0x55aa37f6e490 (7 bytes)
1750127990.106925 sending message 112 to peer 0x55aa37f6e490 (7 bytes)
1750127990.106929 sending message 112 to peer 0x55aa37f6e490 (9 bytes)
1750127990.106933 sending message 112 to peer 0x55aa37f6e490 (13 bytes)
1750127990.106937 sending message 112 to peer 0x55aa37f6e490 (9 bytes)
1750127990.106941 sending message 112 to peer 0x55aa37f6e490 (15 bytes)
1750127990.106946 sending message 112 to peer 0x55aa37f6e490 (13 bytes)
1750127990.106950 sending message 112 to peer 0x55aa37f6e490 (12 bytes)
1750127990.106954 sending message 112 to peer 0x55aa37f6e490 (8 bytes)
1750127990.106958 sending message 112 to peer 0x55aa37f6e490 (14 bytes)
1750127990.106962 sending message 112 to peer 0x55aa37f6e490 (9 bytes)
1750127990.106966 sending message 112 to peer 0x55aa37f6e490 (10 bytes)
1750127990.106970 sending message 112 to peer 0x55aa37f6e490 (10 bytes)
1750127990.106974 sending message 112 to peer 0x55aa37f6e490 (10 bytes)
1750127990.106978 sending message 112 to peer 0x55aa37f6e490 (10 bytes)
1750127990.106983 sending message 112 to peer 0x55aa37f6e490 (11 bytes)
1750127990.106987 sending message 112 to peer 0x55aa37f6e490 (10 bytes)
1750127990.106991 sending message 112 to peer 0x55aa37f6e490 (8 bytes)
1750127990.107004 sending message 112 to peer 0x55aa37f6e490 (11 bytes)
1750127990.107009 sending message 112 to peer 0x55aa37f6e490 (11 bytes)
1750127990.107014 sending message 112 to peer 0x55aa37f6e490 (11 bytes)
1750127990.107018 sending message 112 to peer 0x55aa37f6e490 (8 bytes)
1750127990.107023 sending message 112 to peer 0x55aa37f6e490 (8 bytes)
1750127990.107027 sending message 112 to peer 0x55aa37f6e490 (8 bytes)
1750127990.107031 sending message 112 to peer 0x55aa37f6e490 (10 bytes)
1750127990.107036 sending message 112 to peer 0x55aa37f6e490 (10 bytes)
1750127990.107040 sending message 112 to peer 0x55aa37f6e490 (10 bytes)
1750127990.107044 sending message 112 to peer 0x55aa37f6e490 (10 bytes)
1750127990.107049 sending message 112 to peer 0x55aa37f6e490 (10 bytes)
1750127990.107067 sending message 112 to peer 0x55aa37f6e490 (11 bytes)
1750127990.107075 sending message 112 to peer 0x55aa37f6e490 (11 bytes)
1750127990.107079 sending message 112 to peer 0x55aa37f6e490 (10 bytes)
1750127990.107084 sending message 112 to peer 0x55aa37f6e490 (9 bytes)
1750127990.107089 sending message 112 to peer 0x55aa37f6e490 (9 bytes)
1750127990.107093 sending message 112 to peer 0x55aa37f6e490 (12 bytes)
1750127990.107097 sending message 112 to peer 0x55aa37f6e490 (9 bytes)
1750127990.107101 sending message 112 to peer 0x55aa37f6e490 (6 bytes)
1750127990.107106 sending message 112 to peer 0x55aa37f6e490 (13 bytes)
1750127990.107110 sending message 112 to peer 0x55aa37f6e490 (8 bytes)
1750127990.107115 sending message 112 to peer 0x55aa37f6e490 (15 bytes)
1750127990.107119 sending message 112 to peer 0x55aa37f6e490 (13 bytes)
1750127990.107124 sending message 112 to peer 0x55aa37f6e490 (70 bytes)
1750127990.107128 sending message 112 to peer 0x55aa37f6e490 (69 bytes)
1750127990.107132 sending message 112 to peer 0x55aa37f6e490 (10 bytes)
1750127990.107136 sending message 112 to peer 0x55aa37f6e490 (8 bytes)
1750127990.107141 sending message 112 to peer 0x55aa37f6e490 (15 bytes)
1750127990.107145 sending message 112 to peer 0x55aa37f6e490 (13 bytes)
1750127990.107150 sending message 112 to peer 0x55aa37f6e490 (10 bytes)
1750127990.107154 sending message 112 to peer 0x55aa37f6e490 (10 bytes)
1750127990.107158 sending message 112 to peer 0x55aa37f6e490 (5 bytes)
1750127990.107162 sending message 112 to peer 0x55aa37f6e490 (15 bytes)
1750127990.107167 sending message 104 to peer 0x55aa37f6e490 (0 bytes)
1750127990.107172 sending message 110 to peer 0x55aa37f6e490 (0 bytes)
1750127990.107177 sending message 107 to peer 0x55aa37f6e490 (4 bytes)
1750127990.107182 sending message 105 to peer 0x55aa37f6e490 (54 bytes)
1750127990.107186 sending message 105 to peer 0x55aa37f6e490 (11 bytes)
1750127990.107190 sending message 105 to peer 0x55aa37f6e490 (32 bytes)
1750127990.107195 sending message 105 to peer 0x55aa37f6e490 (16 bytes)
1750127990.107199 sending message 105 to peer 0x55aa37f6e490 (18 bytes)
1750127990.107203 sending message 105 to peer 0x55aa37f6e490 (16 bytes)
1750127990.107207 sending message 105 to peer 0x55aa37f6e490 (13 bytes)
1750127990.107212 sending message 105 to peer 0x55aa37f6e490 (15 bytes)
1750127990.107216 sending message 105 to peer 0x55aa37f6e490 (13 bytes)
1750127990.107220 sending message 105 to peer 0x55aa37f6e490 (33 bytes)
1750127990.107225 sending message 105 to peer 0x55aa37f6e490 (2176 bytes)
1750127990.107247 sending message 105 to peer 0x55aa37f6e490 (40 bytes)
1750127990.107252 sending message 105 to peer 0x55aa37f6e490 (30 bytes)
1750127990.107256 sending message 105 to peer 0x55aa37f6e490 (19 bytes)
1750127990.107260 sending message 105 to peer 0x55aa37f6e490 (8 bytes)
1750127990.107265 sending message 105 to peer 0x55aa37f6e490 (21 bytes)
1750127990.107269 sending message 105 to peer 0x55aa37f6e490 (18 bytes)
1750127990.107273 sending message 105 to peer 0x55aa37f6e490 (25 bytes)
1750127990.107277 sending message 105 to peer 0x55aa37f6e490 (34 bytes)
1750127990.107281 sending message 105 to peer 0x55aa37f6e490 (14 bytes)
1750127990.107286 sending message 105 to peer 0x55aa37f6e490 (12 bytes)
1750127990.107297 sending message 105 to peer 0x55aa37f6e490 (26 bytes)
1750127990.107302 sending message 105 to peer 0x55aa37f6e490 (24 bytes)
1750127990.107306 sending message 105 to peer 0x55aa37f6e490 (33 bytes)
1750127990.107310 sending message 105 to peer 0x55aa37f6e490 (23 bytes)
1750127990.107314 sending message 105 to peer 0x55aa37f6e490 (33 bytes)
1750127990.107319 sending message 105 to peer 0x55aa37f6e490 (53 bytes)
1750127990.107324 sending message 105 to peer 0x55aa37f6e490 (48 bytes)
1750127990.107328 sending message 105 to peer 0x55aa37f6e490 (37 bytes)
1750127990.107332 sending message 105 to peer 0x55aa37f6e490 (32 bytes)
1750127990.107336 sending message 105 to peer 0x55aa37f6e490 (16 bytes)
1750127990.107341 sending message 105 to peer 0x55aa37f6e490 (28 bytes)
1750127990.107345 sending message 105 to peer 0x55aa37f6e490 (11 bytes)
1750127990.107349 sending message 105 to peer 0x55aa37f6e490 (8 bytes)
1750127990.107354 sending message 105 to peer 0x55aa37f6e490 (32 bytes)
1750127990.107358 sending message 105 to peer 0x55aa37f6e490 (1817 bytes)
1750127990.107364 sending message 105 to peer 0x55aa37f6e490 (42 bytes)
1750127990.107368 sending message 105 to peer 0x55aa37f6e490 (58 bytes)
1750127990.107373 sending message 105 to peer 0x55aa37f6e490 (33 bytes)
1750127990.107377 sending message 105 to peer 0x55aa37f6e490 (16 bytes)
1750127990.107381 sending message 105 to peer 0x55aa37f6e490 (60 bytes)
1750127990.107385 sending message 105 to peer 0x55aa37f6e490 (69 bytes)
1750127990.107390 sending message 105 to peer 0x55aa37f6e490 (55 bytes)
1750127990.107394 sending message 105 to peer 0x55aa37f6e490 (7 bytes)
1750127990.107398 sending message 105 to peer 0x55aa37f6e490 (11 bytes)
1750127990.107403 sending message 105 to peer 0x55aa37f6e490 (63 bytes)
1750127990.107407 sending message 105 to peer 0x55aa37f6e490 (14 bytes)
1750127990.107411 sending message 106 to peer 0x55aa37f6e490 (0 bytes)
1750127990.107483 sending message 200 to peer 0x55aa37f6e490 (4 bytes)
1750127990.107490 client loop enter
1750127990.108059 peer 0x55aa37f6e490 message 303
1750127990.108073 open write file 2 -
1750127990.108085 sending message 305 to peer 0x55aa37f6e490 (8 bytes)
1750127990.108097 write check file 2
1750127990.108317 peer 0x55aa37f6e490 message 304
1750127990.108326 write 58 to file 2
1750127990.108331 peer 0x55aa37f6e490 message 203
1750127990.108335 file 2 58 bytes left
1750127990.108369 write check file 2
1750127990.108376 client loop exit
